<?xml version="1.0" encoding="UTF-8"?>
<testsuite xmlns:xsi="http://www.w3.org/2001/XMLSchema-instance" xsi:noNamespaceSchemaLocation="https://maven.apache.org/surefire/maven-surefire-plugin/xsd/surefire-test-report.xsd" name="org.jitsi.jibri.selenium.SeleniumStateMachineTest" time="0.085" tests="4" errors="0" skipped="0" failures="0">
  <properties>
    <property name="awt.toolkit" value="sun.awt.X11.XToolkit"/>
    <property name="java.specification.version" value="11"/>
    <property name="sun.cpu.isalist" value=""/>
    <property name="sun.jnu.encoding" value="UTF-8"/>
    <property name="java.class.path" value="/home/negimox/office_work/gsoc2k25/my-jitsi-mett/jitsi-meet/jibri/target/test-classes:/home/negimox/office_work/gsoc2k25/my-jitsi-mett/jitsi-meet/jibri/target/classes:/home/negimox/.m2/repository/org/bouncycastle/bcpkix-jdk18on/1.75/bcpkix-jdk18on-1.75.jar:/home/negimox/.m2/repository/org/bouncycastle/bcprov-jdk18on/1.75/bcprov-jdk18on-1.75.jar:/home/negimox/.m2/repository/org/bouncycastle/bcutil-jdk18on/1.75/bcutil-jdk18on-1.75.jar:/home/negimox/.m2/repository/org/jitsi/jicoco-mucclient/1.1-159-gf9c2712/jicoco-mucclient-1.1-159-gf9c2712.jar:/home/negimox/.m2/repository/org/igniterealtime/smack/smack-core/4.4.8-jitsi-4/smack-core-4.4.8-jitsi-4.jar:/home/negimox/.m2/repository/org/igniterealtime/smack/smack-xmlparser/4.4.8-jitsi-4/smack-xmlparser-4.4.8-jitsi-4.jar:/home/negimox/.m2/repository/org/jxmpp/jxmpp-core/1.0.3/jxmpp-core-1.0.3.jar:/home/negimox/.m2/repository/org/jxmpp/jxmpp-util-cache/1.0.3/jxmpp-util-cache-1.0.3.jar:/home/negimox/.m2/repository/org/jxmpp/jxmpp-jid/1.0.3/jxmpp-jid-1.0.3.jar:/home/negimox/.m2/repository/org/minidns/minidns-core/1.0.5/minidns-core-1.0.5.jar:/home/negimox/.m2/repository/org/igniterealtime/smack/smack-extensions/4.4.8-jitsi-4/smack-extensions-4.4.8-jitsi-4.jar:/home/negimox/.m2/repository/org/igniterealtime/smack/smack-im/4.4.8-jitsi-4/smack-im-4.4.8-jitsi-4.jar:/home/negimox/.m2/repository/org/igniterealtime/smack/smack-tcp/4.4.8-jitsi-4/smack-tcp-4.4.8-jitsi-4.jar:/home/negimox/.m2/repository/org/igniterealtime/smack/smack-streammanagement/4.4.8-jitsi-4/smack-streammanagement-4.4.8-jitsi-4.jar:/home/negimox/.m2/repository/org/igniterealtime/smack/smack-xmlparser-stax/4.4.8-jitsi-4/smack-xmlparser-stax-4.4.8-jitsi-4.jar:/home/negimox/.m2/repository/org/jitsi/jicoco-config/1.1-159-gf9c2712/jicoco-config-1.1-159-gf9c2712.jar:/home/negimox/.m2/repository/org/jitsi/jicoco-jwt/1.1-159-gf9c2712/jicoco-jwt-1.1-159-gf9c2712.jar:/home/negimox/.m2/repository/io/jsonwebtoken/jjwt-api/0.12.6/jjwt-api-0.12.6.jar:/home/negimox/.m2/repository/io/jsonwebtoken/jjwt-impl/0.12.6/jjwt-impl-0.12.6.jar:/home/negimox/.m2/repository/io/jsonwebtoken/jjwt-jackson/0.12.6/jjwt-jackson-0.12.6.jar:/home/negimox/.m2/repository/org/jetbrains/kotlin/kotlin-stdlib/1.9.10/kotlin-stdlib-1.9.10.jar:/home/negimox/.m2/repository/org/jetbrains/kotlin/kotlin-stdlib-common/1.9.10/kotlin-stdlib-common-1.9.10.jar:/home/negimox/.m2/repository/org/jetbrains/annotations/13.0/annotations-13.0.jar:/home/negimox/.m2/repository/org/jetbrains/kotlin/kotlin-reflect/1.9.10/kotlin-reflect-1.9.10.jar:/home/negimox/.m2/repository/org/seleniumhq/selenium/selenium-java/3.12.0/selenium-java-3.12.0.jar:/home/negimox/.m2/repository/org/seleniumhq/selenium/selenium-api/3.12.0/selenium-api-3.12.0.jar:/home/negimox/.m2/repository/org/seleniumhq/selenium/selenium-chrome-driver/3.12.0/selenium-chrome-driver-3.12.0.jar:/home/negimox/.m2/repository/org/seleniumhq/selenium/selenium-edge-driver/3.12.0/selenium-edge-driver-3.12.0.jar:/home/negimox/.m2/repository/org/seleniumhq/selenium/selenium-firefox-driver/3.12.0/selenium-firefox-driver-3.12.0.jar:/home/negimox/.m2/repository/org/seleniumhq/selenium/selenium-ie-driver/3.12.0/selenium-ie-driver-3.12.0.jar:/home/negimox/.m2/repository/org/seleniumhq/selenium/selenium-opera-driver/3.12.0/selenium-opera-driver-3.12.0.jar:/home/negimox/.m2/repository/org/seleniumhq/selenium/selenium-remote-driver/3.12.0/selenium-remote-driver-3.12.0.jar:/home/negimox/.m2/repository/org/seleniumhq/selenium/selenium-safari-driver/3.12.0/selenium-safari-driver-3.12.0.jar:/home/negimox/.m2/repository/org/apache/commons/commons-exec/1.3/commons-exec-1.3.jar:/home/negimox/.m2/repository/commons-codec/commons-codec/1.10/commons-codec-1.10.jar:/home/negimox/.m2/repository/commons-logging/commons-logging/1.2/commons-logging-1.2.jar:/home/negimox/.m2/repository/com/google/code/gson/gson/2.8.2/gson-2.8.2.jar:/home/negimox/.m2/repository/com/google/guava/guava/23.6-jre/guava-23.6-jre.jar:/home/negimox/.m2/repository/com/google/code/findbugs/jsr305/1.3.9/jsr305-1.3.9.jar:/home/negimox/.m2/repository/org/checkerframework/checker-compat-qual/2.0.0/checker-compat-qual-2.0.0.jar:/home/negimox/.m2/repository/com/google/errorprone/error_prone_annotations/2.1.3/error_prone_annotations-2.1.3.jar:/home/negimox/.m2/repository/com/google/j2objc/j2objc-annotations/1.1/j2objc-annotations-1.1.jar:/home/negimox/.m2/repository/org/codehaus/mojo/animal-sniffer-annotations/1.14/animal-sniffer-annotations-1.14.jar:/home/negimox/.m2/repository/org/apache/httpcomponents/httpclient/4.5.3/httpclient-4.5.3.jar:/home/negimox/.m2/repository/org/apache/httpcomponents/httpcore/4.4.6/httpcore-4.4.6.jar:/home/negimox/.m2/repository/com/squareup/okhttp3/okhttp/3.9.1/okhttp-3.9.1.jar:/home/negimox/.m2/repository/com/squareup/okio/okio/1.13.0/okio-1.13.0.jar:/home/negimox/.m2/repository/org/seleniumhq/selenium/selenium-support/3.12.0/selenium-support-3.12.0.jar:/home/negimox/.m2/repository/com/fasterxml/jackson/core/jackson-core/2.9.5/jackson-core-2.9.5.jar:/home/negimox/.m2/repository/com/fasterxml/jackson/core/jackson-annotations/2.9.5/jackson-annotations-2.9.5.jar:/home/negimox/.m2/repository/com/fasterxml/jackson/module/jackson-module-kotlin/2.9.5/jackson-module-kotlin-2.9.5.jar:/home/negimox/.m2/repository/com/fasterxml/jackson/core/jackson-databind/2.9.5/jackson-databind-2.9.5.jar:/home/negimox/.m2/repository/com/fasterxml/jackson/jaxrs/jackson-jaxrs-json-provider/2.9.5/jackson-jaxrs-json-provider-2.9.5.jar:/home/negimox/.m2/repository/com/fasterxml/jackson/jaxrs/jackson-jaxrs-base/2.9.5/jackson-jaxrs-base-2.9.5.jar:/home/negimox/.m2/repository/com/fasterxml/jackson/module/jackson-module-jaxb-annotations/2.9.5/jackson-module-jaxb-annotations-2.9.5.jar:/home/negimox/.m2/repository/net/sourceforge/argparse4j/argparse4j/0.8.1/argparse4j-0.8.1.jar:/home/negimox/.m2/repository/org/jitsi/jitsi-xmpp-extensions/1.0-95-ge113e35/jitsi-xmpp-extensions-1.0-95-ge113e35.jar:/home/negimox/.m2/repository/org/igniterealtime/smack/smack-java8/4.4.8-jitsi-4/smack-java8-4.4.8-jitsi-4.jar:/home/negimox/.m2/repository/org/igniterealtime/smack/smack-resolver-javax/4.4.8-jitsi-4/smack-resolver-javax-4.4.8-jitsi-4.jar:/home/negimox/.m2/repository/org/igniterealtime/smack/smack-sasl-javax/4.4.8-jitsi-4/smack-sasl-javax-4.4.8-jitsi-4.jar:/home/negimox/.m2/repository/org/jxmpp/jxmpp-stringprep-rocksxmppprecis/1.0.3/jxmpp-stringprep-rocksxmppprecis-1.0.3.jar:/home/negimox/.m2/repository/rocks/xmpp/precis/1.1.0/precis-1.1.0.jar:/home/negimox/.m2/repository/org/apache/commons/commons-lang3/3.12.0/commons-lang3-3.12.0.jar:/home/negimox/.m2/repository/com/datadoghq/java-dogstatsd-client/2.5/java-dogstatsd-client-2.5.jar:/home/negimox/.m2/repository/com/tinder/statemachine/statemachine/0.2.0/statemachine-0.2.0.jar:/home/negimox/.m2/repository/io/ktor/ktor-client-apache-jvm/3.0.0/ktor-client-apache-jvm-3.0.0.jar:/home/negimox/.m2/repository/org/slf4j/slf4j-api/2.0.16/slf4j-api-2.0.16.jar:/home/negimox/.m2/repository/io/ktor/ktor-client-core-jvm/3.0.0/ktor-client-core-jvm-3.0.0.jar:/home/negimox/.m2/repository/io/ktor/ktor-websocket-serialization-jvm/3.0.0/ktor-websocket-serialization-jvm-3.0.0.jar:/home/negimox/.m2/repository/io/ktor/ktor-sse-jvm/3.0.0/ktor-sse-jvm-3.0.0.jar:/home/negimox/.m2/repository/org/jetbrains/kotlinx/kotlinx-coroutines-slf4j/1.9.0/kotlinx-coroutines-slf4j-1.9.0.jar:/home/negimox/.m2/repository/org/apache/httpcomponents/httpasyncclient/4.1.5/httpasyncclient-4.1.5.jar:/home/negimox/.m2/repository/org/apache/httpcomponents/httpcore-nio/4.4.15/httpcore-nio-4.4.15.jar:/home/negimox/.m2/repository/org/jetbrains/kotlinx/kotlinx-coroutines-core-jvm/1.9.0/kotlinx-coroutines-core-jvm-1.9.0.jar:/home/negimox/.m2/repository/io/ktor/ktor-client-jackson-jvm/3.0.0/ktor-client-jackson-jvm-3.0.0.jar:/home/negimox/.m2/repository/io/ktor/ktor-client-json-jvm/3.0.0/ktor-client-json-jvm-3.0.0.jar:/home/negimox/.m2/repository/io/ktor/ktor-server-core-jvm/3.0.0/ktor-server-core-jvm-3.0.0.jar:/home/negimox/.m2/repository/io/ktor/ktor-utils-jvm/3.0.0/ktor-utils-jvm-3.0.0.jar:/home/negimox/.m2/repository/io/ktor/ktor-io-jvm/3.0.0/ktor-io-jvm-3.0.0.jar:/home/negimox/.m2/repository/org/jetbrains/kotlinx/kotlinx-io-core-jvm/0.5.4/kotlinx-io-core-jvm-0.5.4.jar:/home/negimox/.m2/repository/org/jetbrains/kotlinx/kotlinx-io-bytestring-jvm/0.5.4/kotlinx-io-bytestring-jvm-0.5.4.jar:/home/negimox/.m2/repository/org/jetbrains/kotlinx/kotlinx-serialization-core-jvm/1.7.3/kotlinx-serialization-core-jvm-1.7.3.jar:/home/negimox/.m2/repository/io/ktor/ktor-http-jvm/3.0.0/ktor-http-jvm-3.0.0.jar:/home/negimox/.m2/repository/io/ktor/ktor-serialization-jvm/3.0.0/ktor-serialization-jvm-3.0.0.jar:/home/negimox/.m2/repository/io/ktor/ktor-events-jvm/3.0.0/ktor-events-jvm-3.0.0.jar:/home/negimox/.m2/repository/io/ktor/ktor-http-cio-jvm/3.0.0/ktor-http-cio-jvm-3.0.0.jar:/home/negimox/.m2/repository/io/ktor/ktor-network-jvm/3.0.0/ktor-network-jvm-3.0.0.jar:/home/negimox/.m2/repository/io/ktor/ktor-websockets-jvm/3.0.0/ktor-websockets-jvm-3.0.0.jar:/home/negimox/.m2/repository/org/fusesource/jansi/jansi/2.4.1/jansi-2.4.1.jar:/home/negimox/.m2/repository/io/ktor/ktor-server-jetty-jakarta-jvm/3.0.0/ktor-server-jetty-jakarta-jvm-3.0.0.jar:/home/negimox/.m2/repository/io/ktor/ktor-server-servlet-jakarta-jvm/3.0.0/ktor-server-servlet-jakarta-jvm-3.0.0.jar:/home/negimox/.m2/repository/org/eclipse/jetty/jetty-server/11.0.24/jetty-server-11.0.24.jar:/home/negimox/.m2/repository/org/eclipse/jetty/jetty-http/11.0.24/jetty-http-11.0.24.jar:/home/negimox/.m2/repository/org/eclipse/jetty/jetty-io/11.0.24/jetty-io-11.0.24.jar:/home/negimox/.m2/repository/org/eclipse/jetty/toolchain/jetty-jakarta-servlet-api/5.0.2/jetty-jakarta-servlet-api-5.0.2.jar:/home/negimox/.m2/repository/org/eclipse/jetty/jetty-servlets/11.0.24/jetty-servlets-11.0.24.jar:/home/negimox/.m2/repository/org/eclipse/jetty/jetty-util/11.0.24/jetty-util-11.0.24.jar:/home/negimox/.m2/repository/org/eclipse/jetty/jetty-alpn-server/11.0.24/jetty-alpn-server-11.0.24.jar:/home/negimox/.m2/repository/org/eclipse/jetty/jetty-alpn-java-server/11.0.24/jetty-alpn-java-server-11.0.24.jar:/home/negimox/.m2/repository/org/eclipse/jetty/jetty-alpn-openjdk8-server/9.4.56.v20240826/jetty-alpn-openjdk8-server-9.4.56.v20240826.jar:/home/negimox/.m2/repository/org/eclipse/jetty/http2/http2-server/11.0.24/http2-server-11.0.24.jar:/home/negimox/.m2/repository/org/eclipse/jetty/http2/http2-common/11.0.24/http2-common-11.0.24.jar:/home/negimox/.m2/repository/org/eclipse/jetty/http2/http2-hpack/11.0.24/http2-hpack-11.0.24.jar:/home/negimox/.m2/repository/io/ktor/ktor-serialization-jackson-jvm/3.0.0/ktor-serialization-jackson-jvm-3.0.0.jar:/home/negimox/.m2/repository/io/ktor/ktor-server-content-negotiation-jvm/3.0.0/ktor-server-content-negotiation-jvm-3.0.0.jar:/home/negimox/.m2/repository/io/ktor/ktor-client-content-negotiation-jvm/3.0.0/ktor-client-content-negotiation-jvm-3.0.0.jar:/home/negimox/.m2/repository/org/jitsi/jitsi-metaconfig/1.0-11-g8cf950e/jitsi-metaconfig-1.0-11-g8cf950e.jar:/home/negimox/.m2/repository/org/jitsi/jitsi-utils/1.0-127-g6c65524/jitsi-utils-1.0-127-g6c65524.jar:/home/negimox/.m2/repository/com/googlecode/json-simple/json-simple/1.1.1/json-simple-1.1.1.jar:/home/negimox/.m2/repository/net/java/dev/jna/jna/5.9.0/jna-5.9.0.jar:/home/negimox/.m2/repository/com/typesafe/config/1.4.0/config-1.4.0.jar:/home/negimox/.m2/repository/org/jitsi/jicoco-test-kotlin/1.1-159-gf9c2712/jicoco-test-kotlin-1.1-159-gf9c2712.jar:/home/negimox/.m2/repository/io/mockk/mockk/1.13.8/mockk-1.13.8.jar:/home/negimox/.m2/repository/io/mockk/mockk-dsl/1.13.8/mockk-dsl-1.13.8.jar:/home/negimox/.m2/repository/io/mockk/mockk-agent/1.13.8/mockk-agent-1.13.8.jar:/home/negimox/.m2/repository/io/mockk/mockk-agent-api/1.13.8/mockk-agent-api-1.13.8.jar:/home/negimox/.m2/repository/io/mockk/mockk-core/1.13.8/mockk-core-1.13.8.jar:/home/negimox/.m2/repository/org/jetbrains/kotlin/kotlin-stdlib-jdk8/1.9.10/kotlin-stdlib-jdk8-1.9.10.jar:/home/negimox/.m2/repository/org/jetbrains/kotlin/kotlin-stdlib-jdk7/1.9.10/kotlin-stdlib-jdk7-1.9.10.jar:/home/negimox/.m2/repository/io/kotest/kotest-runner-junit5-jvm/5.7.2/kotest-runner-junit5-jvm-5.7.2.jar:/home/negimox/.m2/repository/io/kotest/kotest-framework-api-jvm/5.7.2/kotest-framework-api-jvm-5.7.2.jar:/home/negimox/.m2/repository/org/jetbrains/kotlinx/kotlinx-coroutines-test-jvm/1.7.0/kotlinx-coroutines-test-jvm-1.7.0.jar:/home/negimox/.m2/repository/io/kotest/kotest-common-jvm/5.7.2/kotest-common-jvm-5.7.2.jar:/home/negimox/.m2/repository/io/kotest/kotest-framework-engine-jvm/5.7.2/kotest-framework-engine-jvm-5.7.2.jar:/home/negimox/.m2/repository/io/github/classgraph/classgraph/4.8.162/classgraph-4.8.162.jar:/home/negimox/.m2/repository/com/github/ajalt/mordant/1.2.1/mordant-1.2.1.jar:/home/negimox/.m2/repository/com/github/ajalt/colormath/1.2.0/colormath-1.2.0.jar:/home/negimox/.m2/repository/org/opentest4j/opentest4j/1.3.0/opentest4j-1.3.0.jar:/home/negimox/.m2/repository/io/kotest/kotest-framework-discovery-jvm/5.7.2/kotest-framework-discovery-jvm-5.7.2.jar:/home/negimox/.m2/repository/io/kotest/kotest-extensions-jvm/5.7.2/kotest-extensions-jvm-5.7.2.jar:/home/negimox/.m2/repository/io/kotest/kotest-framework-concurrency-jvm/5.7.2/kotest-framework-concurrency-jvm-5.7.2.jar:/home/negimox/.m2/repository/org/junit/platform/junit-platform-engine/1.8.2/junit-platform-engine-1.8.2.jar:/home/negimox/.m2/repository/org/junit/platform/junit-platform-commons/1.8.2/junit-platform-commons-1.8.2.jar:/home/negimox/.m2/repository/org/apiguardian/apiguardian-api/1.1.2/apiguardian-api-1.1.2.jar:/home/negimox/.m2/repository/org/junit/platform/junit-platform-suite-api/1.8.2/junit-platform-suite-api-1.8.2.jar:/home/negimox/.m2/repository/org/junit/platform/junit-platform-launcher/1.8.2/junit-platform-launcher-1.8.2.jar:/home/negimox/.m2/repository/org/junit/jupiter/junit-jupiter-api/5.8.2/junit-jupiter-api-5.8.2.jar:/home/negimox/.m2/repository/io/kotest/kotest-assertions-core-jvm/5.7.2/kotest-assertions-core-jvm-5.7.2.jar:/home/negimox/.m2/repository/io/kotest/kotest-assertions-shared-jvm/5.7.2/kotest-assertions-shared-jvm-5.7.2.jar:/home/negimox/.m2/repository/io/github/java-diff-utils/java-diff-utils/4.12/java-diff-utils-4.12.jar:/home/negimox/.m2/repository/org/jetbrains/kotlinx/kotlinx-coroutines-jdk8/1.7.0/kotlinx-coroutines-jdk8-1.7.0.jar:/home/negimox/.m2/repository/io/kotest/kotest-assertions-api-jvm/5.7.2/kotest-assertions-api-jvm-5.7.2.jar:/home/negimox/.m2/repository/io/kotest/kotest-extensions-junitxml-jvm/5.7.2/kotest-extensions-junitxml-jvm-5.7.2.jar:/home/negimox/.m2/repository/org/jdom/jdom2/2.0.6/jdom2-2.0.6.jar:/home/negimox/.m2/repository/io/mockk/mockk-jvm/1.13.8/mockk-jvm-1.13.8.jar:/home/negimox/.m2/repository/io/mockk/mockk-dsl-jvm/1.13.8/mockk-dsl-jvm-1.13.8.jar:/home/negimox/.m2/repository/io/mockk/mockk-agent-jvm/1.13.8/mockk-agent-jvm-1.13.8.jar:/home/negimox/.m2/repository/org/objenesis/objenesis/3.3/objenesis-3.3.jar:/home/negimox/.m2/repository/net/bytebuddy/byte-buddy-agent/1.14.6/byte-buddy-agent-1.14.6.jar:/home/negimox/.m2/repository/io/mockk/mockk-agent-api-jvm/1.13.8/mockk-agent-api-jvm-1.13.8.jar:/home/negimox/.m2/repository/io/mockk/mockk-core-jvm/1.13.8/mockk-core-jvm-1.13.8.jar:/home/negimox/.m2/repository/junit/junit/4.13.2/junit-4.13.2.jar:/home/negimox/.m2/repository/org/hamcrest/hamcrest-core/1.3/hamcrest-core-1.3.jar:/home/negimox/.m2/repository/org/junit/jupiter/junit-jupiter/5.8.2/junit-jupiter-5.8.2.jar:/home/negimox/.m2/repository/org/junit/jupiter/junit-jupiter-params/5.8.2/junit-jupiter-params-5.8.2.jar:/home/negimox/.m2/repository/org/junit/jupiter/junit-jupiter-engine/5.8.2/junit-jupiter-engine-5.8.2.jar:/home/negimox/.m2/repository/org/jetbrains/kotlinx/kotlinx-coroutines-core/1.6.4/kotlinx-coroutines-core-1.6.4.jar:/home/negimox/.m2/repository/io/ktor/ktor-client-mock-jvm/3.0.0/ktor-client-mock-jvm-3.0.0.jar:/home/negimox/.m2/repository/io/ktor/ktor-server-test-host-jvm/3.0.0/ktor-server-test-host-jvm-3.0.0.jar:/home/negimox/.m2/repository/io/ktor/ktor-network-tls-jvm/3.0.0/ktor-network-tls-jvm-3.0.0.jar:/home/negimox/.m2/repository/io/ktor/ktor-network-tls-certificates-jvm/3.0.0/ktor-network-tls-certificates-jvm-3.0.0.jar:/home/negimox/.m2/repository/io/ktor/ktor-server-call-logging-jvm/3.0.0/ktor-server-call-logging-jvm-3.0.0.jar:/home/negimox/.m2/repository/io/ktor/ktor-server-websockets-jvm/3.0.0/ktor-server-websockets-jvm-3.0.0.jar:/home/negimox/.m2/repository/org/jetbrains/kotlin/kotlin-test/2.0.20/kotlin-test-2.0.20.jar:/home/negimox/.m2/repository/io/ktor/ktor-client-cio-jvm/3.0.0/ktor-client-cio-jvm-3.0.0.jar:/home/negimox/.m2/repository/io/ktor/ktor-test-dispatcher-jvm/3.0.0/ktor-test-dispatcher-jvm-3.0.0.jar:/home/negimox/.m2/repository/org/jetbrains/kotlinx/kotlinx-coroutines-debug/1.9.0/kotlinx-coroutines-debug-1.9.0.jar:/home/negimox/.m2/repository/net/java/dev/jna/jna-platform/5.9.0/jna-platform-5.9.0.jar:/home/negimox/.m2/repository/io/ktor/ktor-client-jetty-jakarta-jvm/3.0.0/ktor-client-jetty-jakarta-jvm-3.0.0.jar:/home/negimox/.m2/repository/org/eclipse/jetty/http2/http2-client/11.0.24/http2-client-11.0.24.jar:/home/negimox/.m2/repository/org/eclipse/jetty/jetty-alpn-client/11.0.24/jetty-alpn-client-11.0.24.jar:/home/negimox/.m2/repository/org/eclipse/jetty/jetty-alpn-openjdk8-client/9.4.56.v20240826/jetty-alpn-openjdk8-client-9.4.56.v20240826.jar:/home/negimox/.m2/repository/org/eclipse/jetty/jetty-alpn-java-client/9.4.56.v20240826/jetty-alpn-java-client-9.4.56.v20240826.jar:/home/negimox/.m2/repository/net/bytebuddy/byte-buddy/1.10.0/byte-buddy-1.10.0.jar:/home/negimox/.m2/repository/com/github/marschall/memoryfilesystem/1.2.1/memoryfilesystem-1.2.1.jar:/home/negimox/.m2/repository/org/jitsi/jicoco-metrics/1.1-159-gf9c2712/jicoco-metrics-1.1-159-gf9c2712.jar:/home/negimox/.m2/repository/io/prometheus/simpleclient/0.16.0/simpleclient-0.16.0.jar:/home/negimox/.m2/repository/io/prometheus/simpleclient_tracer_otel/0.16.0/simpleclient_tracer_otel-0.16.0.jar:/home/negimox/.m2/repository/io/prometheus/simpleclient_tracer_common/0.16.0/simpleclient_tracer_common-0.16.0.jar:/home/negimox/.m2/repository/io/prometheus/simpleclient_tracer_otel_agent/0.16.0/simpleclient_tracer_otel_agent-0.16.0.jar:/home/negimox/.m2/repository/io/prometheus/simpleclient_common/0.16.0/simpleclient_common-0.16.0.jar:"/>
    <property name="java.vm.vendor" value="Void"/>
    <property name="sun.arch.data.model" value="64"/>
    <property name="java.vendor.url" value="https://voidlinux.org/"/>
    <property name="user.timezone" value=""/>
    <property name="java.vm.specification.version" value="11"/>
    <property name="os.name" value="Linux"/>
    <property name="sun.java.launcher" value="SUN_STANDARD"/>
    <property name="user.country" value="US"/>
    <property name="sun.boot.library.path" value="/usr/lib/jvm/openjdk11/lib"/>
    <property name="sun.java.command" value="/home/negimox/office_work/gsoc2k25/my-jitsi-mett/jitsi-meet/jibri/target/surefire/surefirebooter14295259933613509079.jar /home/negimox/office_work/gsoc2k25/my-jitsi-mett/jitsi-meet/jibri/target/surefire 2025-07-06T23-11-05_900-jvmRun1 surefire13328648414536386361tmp surefire_07816128243525421957tmp"/>
    <property name="jdk.debug" value="release"/>
    <property name="surefire.test.class.path" value="/home/negimox/office_work/gsoc2k25/my-jitsi-mett/jitsi-meet/jibri/target/test-classes:/home/negimox/office_work/gsoc2k25/my-jitsi-mett/jitsi-meet/jibri/target/classes:/home/negimox/.m2/repository/org/bouncycastle/bcpkix-jdk18on/1.75/bcpkix-jdk18on-1.75.jar:/home/negimox/.m2/repository/org/bouncycastle/bcprov-jdk18on/1.75/bcprov-jdk18on-1.75.jar:/home/negimox/.m2/repository/org/bouncycastle/bcutil-jdk18on/1.75/bcutil-jdk18on-1.75.jar:/home/negimox/.m2/repository/org/jitsi/jicoco-mucclient/1.1-159-gf9c2712/jicoco-mucclient-1.1-159-gf9c2712.jar:/home/negimox/.m2/repository/org/igniterealtime/smack/smack-core/4.4.8-jitsi-4/smack-core-4.4.8-jitsi-4.jar:/home/negimox/.m2/repository/org/igniterealtime/smack/smack-xmlparser/4.4.8-jitsi-4/smack-xmlparser-4.4.8-jitsi-4.jar:/home/negimox/.m2/repository/org/jxmpp/jxmpp-core/1.0.3/jxmpp-core-1.0.3.jar:/home/negimox/.m2/repository/org/jxmpp/jxmpp-util-cache/1.0.3/jxmpp-util-cache-1.0.3.jar:/home/negimox/.m2/repository/org/jxmpp/jxmpp-jid/1.0.3/jxmpp-jid-1.0.3.jar:/home/negimox/.m2/repository/org/minidns/minidns-core/1.0.5/minidns-core-1.0.5.jar:/home/negimox/.m2/repository/org/igniterealtime/smack/smack-extensions/4.4.8-jitsi-4/smack-extensions-4.4.8-jitsi-4.jar:/home/negimox/.m2/repository/org/igniterealtime/smack/smack-im/4.4.8-jitsi-4/smack-im-4.4.8-jitsi-4.jar:/home/negimox/.m2/repository/org/igniterealtime/smack/smack-tcp/4.4.8-jitsi-4/smack-tcp-4.4.8-jitsi-4.jar:/home/negimox/.m2/repository/org/igniterealtime/smack/smack-streammanagement/4.4.8-jitsi-4/smack-streammanagement-4.4.8-jitsi-4.jar:/home/negimox/.m2/repository/org/igniterealtime/smack/smack-xmlparser-stax/4.4.8-jitsi-4/smack-xmlparser-stax-4.4.8-jitsi-4.jar:/home/negimox/.m2/repository/org/jitsi/jicoco-config/1.1-159-gf9c2712/jicoco-config-1.1-159-gf9c2712.jar:/home/negimox/.m2/repository/org/jitsi/jicoco-jwt/1.1-159-gf9c2712/jicoco-jwt-1.1-159-gf9c2712.jar:/home/negimox/.m2/repository/io/jsonwebtoken/jjwt-api/0.12.6/jjwt-api-0.12.6.jar:/home/negimox/.m2/repository/io/jsonwebtoken/jjwt-impl/0.12.6/jjwt-impl-0.12.6.jar:/home/negimox/.m2/repository/io/jsonwebtoken/jjwt-jackson/0.12.6/jjwt-jackson-0.12.6.jar:/home/negimox/.m2/repository/org/jetbrains/kotlin/kotlin-stdlib/1.9.10/kotlin-stdlib-1.9.10.jar:/home/negimox/.m2/repository/org/jetbrains/kotlin/kotlin-stdlib-common/1.9.10/kotlin-stdlib-common-1.9.10.jar:/home/negimox/.m2/repository/org/jetbrains/annotations/13.0/annotations-13.0.jar:/home/negimox/.m2/repository/org/jetbrains/kotlin/kotlin-reflect/1.9.10/kotlin-reflect-1.9.10.jar:/home/negimox/.m2/repository/org/seleniumhq/selenium/selenium-java/3.12.0/selenium-java-3.12.0.jar:/home/negimox/.m2/repository/org/seleniumhq/selenium/selenium-api/3.12.0/selenium-api-3.12.0.jar:/home/negimox/.m2/repository/org/seleniumhq/selenium/selenium-chrome-driver/3.12.0/selenium-chrome-driver-3.12.0.jar:/home/negimox/.m2/repository/org/seleniumhq/selenium/selenium-edge-driver/3.12.0/selenium-edge-driver-3.12.0.jar:/home/negimox/.m2/repository/org/seleniumhq/selenium/selenium-firefox-driver/3.12.0/selenium-firefox-driver-3.12.0.jar:/home/negimox/.m2/repository/org/seleniumhq/selenium/selenium-ie-driver/3.12.0/selenium-ie-driver-3.12.0.jar:/home/negimox/.m2/repository/org/seleniumhq/selenium/selenium-opera-driver/3.12.0/selenium-opera-driver-3.12.0.jar:/home/negimox/.m2/repository/org/seleniumhq/selenium/selenium-remote-driver/3.12.0/selenium-remote-driver-3.12.0.jar:/home/negimox/.m2/repository/org/seleniumhq/selenium/selenium-safari-driver/3.12.0/selenium-safari-driver-3.12.0.jar:/home/negimox/.m2/repository/org/apache/commons/commons-exec/1.3/commons-exec-1.3.jar:/home/negimox/.m2/repository/commons-codec/commons-codec/1.10/commons-codec-1.10.jar:/home/negimox/.m2/repository/commons-logging/commons-logging/1.2/commons-logging-1.2.jar:/home/negimox/.m2/repository/com/google/code/gson/gson/2.8.2/gson-2.8.2.jar:/home/negimox/.m2/repository/com/google/guava/guava/23.6-jre/guava-23.6-jre.jar:/home/negimox/.m2/repository/com/google/code/findbugs/jsr305/1.3.9/jsr305-1.3.9.jar:/home/negimox/.m2/repository/org/checkerframework/checker-compat-qual/2.0.0/checker-compat-qual-2.0.0.jar:/home/negimox/.m2/repository/com/google/errorprone/error_prone_annotations/2.1.3/error_prone_annotations-2.1.3.jar:/home/negimox/.m2/repository/com/google/j2objc/j2objc-annotations/1.1/j2objc-annotations-1.1.jar:/home/negimox/.m2/repository/org/codehaus/mojo/animal-sniffer-annotations/1.14/animal-sniffer-annotations-1.14.jar:/home/negimox/.m2/repository/org/apache/httpcomponents/httpclient/4.5.3/httpclient-4.5.3.jar:/home/negimox/.m2/repository/org/apache/httpcomponents/httpcore/4.4.6/httpcore-4.4.6.jar:/home/negimox/.m2/repository/com/squareup/okhttp3/okhttp/3.9.1/okhttp-3.9.1.jar:/home/negimox/.m2/repository/com/squareup/okio/okio/1.13.0/okio-1.13.0.jar:/home/negimox/.m2/repository/org/seleniumhq/selenium/selenium-support/3.12.0/selenium-support-3.12.0.jar:/home/negimox/.m2/repository/com/fasterxml/jackson/core/jackson-core/2.9.5/jackson-core-2.9.5.jar:/home/negimox/.m2/repository/com/fasterxml/jackson/core/jackson-annotations/2.9.5/jackson-annotations-2.9.5.jar:/home/negimox/.m2/repository/com/fasterxml/jackson/module/jackson-module-kotlin/2.9.5/jackson-module-kotlin-2.9.5.jar:/home/negimox/.m2/repository/com/fasterxml/jackson/core/jackson-databind/2.9.5/jackson-databind-2.9.5.jar:/home/negimox/.m2/repository/com/fasterxml/jackson/jaxrs/jackson-jaxrs-json-provider/2.9.5/jackson-jaxrs-json-provider-2.9.5.jar:/home/negimox/.m2/repository/com/fasterxml/jackson/jaxrs/jackson-jaxrs-base/2.9.5/jackson-jaxrs-base-2.9.5.jar:/home/negimox/.m2/repository/com/fasterxml/jackson/module/jackson-module-jaxb-annotations/2.9.5/jackson-module-jaxb-annotations-2.9.5.jar:/home/negimox/.m2/repository/net/sourceforge/argparse4j/argparse4j/0.8.1/argparse4j-0.8.1.jar:/home/negimox/.m2/repository/org/jitsi/jitsi-xmpp-extensions/1.0-95-ge113e35/jitsi-xmpp-extensions-1.0-95-ge113e35.jar:/home/negimox/.m2/repository/org/igniterealtime/smack/smack-java8/4.4.8-jitsi-4/smack-java8-4.4.8-jitsi-4.jar:/home/negimox/.m2/repository/org/igniterealtime/smack/smack-resolver-javax/4.4.8-jitsi-4/smack-resolver-javax-4.4.8-jitsi-4.jar:/home/negimox/.m2/repository/org/igniterealtime/smack/smack-sasl-javax/4.4.8-jitsi-4/smack-sasl-javax-4.4.8-jitsi-4.jar:/home/negimox/.m2/repository/org/jxmpp/jxmpp-stringprep-rocksxmppprecis/1.0.3/jxmpp-stringprep-rocksxmppprecis-1.0.3.jar:/home/negimox/.m2/repository/rocks/xmpp/precis/1.1.0/precis-1.1.0.jar:/home/negimox/.m2/repository/org/apache/commons/commons-lang3/3.12.0/commons-lang3-3.12.0.jar:/home/negimox/.m2/repository/com/datadoghq/java-dogstatsd-client/2.5/java-dogstatsd-client-2.5.jar:/home/negimox/.m2/repository/com/tinder/statemachine/statemachine/0.2.0/statemachine-0.2.0.jar:/home/negimox/.m2/repository/io/ktor/ktor-client-apache-jvm/3.0.0/ktor-client-apache-jvm-3.0.0.jar:/home/negimox/.m2/repository/org/slf4j/slf4j-api/2.0.16/slf4j-api-2.0.16.jar:/home/negimox/.m2/repository/io/ktor/ktor-client-core-jvm/3.0.0/ktor-client-core-jvm-3.0.0.jar:/home/negimox/.m2/repository/io/ktor/ktor-websocket-serialization-jvm/3.0.0/ktor-websocket-serialization-jvm-3.0.0.jar:/home/negimox/.m2/repository/io/ktor/ktor-sse-jvm/3.0.0/ktor-sse-jvm-3.0.0.jar:/home/negimox/.m2/repository/org/jetbrains/kotlinx/kotlinx-coroutines-slf4j/1.9.0/kotlinx-coroutines-slf4j-1.9.0.jar:/home/negimox/.m2/repository/org/apache/httpcomponents/httpasyncclient/4.1.5/httpasyncclient-4.1.5.jar:/home/negimox/.m2/repository/org/apache/httpcomponents/httpcore-nio/4.4.15/httpcore-nio-4.4.15.jar:/home/negimox/.m2/repository/org/jetbrains/kotlinx/kotlinx-coroutines-core-jvm/1.9.0/kotlinx-coroutines-core-jvm-1.9.0.jar:/home/negimox/.m2/repository/io/ktor/ktor-client-jackson-jvm/3.0.0/ktor-client-jackson-jvm-3.0.0.jar:/home/negimox/.m2/repository/io/ktor/ktor-client-json-jvm/3.0.0/ktor-client-json-jvm-3.0.0.jar:/home/negimox/.m2/repository/io/ktor/ktor-server-core-jvm/3.0.0/ktor-server-core-jvm-3.0.0.jar:/home/negimox/.m2/repository/io/ktor/ktor-utils-jvm/3.0.0/ktor-utils-jvm-3.0.0.jar:/home/negimox/.m2/repository/io/ktor/ktor-io-jvm/3.0.0/ktor-io-jvm-3.0.0.jar:/home/negimox/.m2/repository/org/jetbrains/kotlinx/kotlinx-io-core-jvm/0.5.4/kotlinx-io-core-jvm-0.5.4.jar:/home/negimox/.m2/repository/org/jetbrains/kotlinx/kotlinx-io-bytestring-jvm/0.5.4/kotlinx-io-bytestring-jvm-0.5.4.jar:/home/negimox/.m2/repository/org/jetbrains/kotlinx/kotlinx-serialization-core-jvm/1.7.3/kotlinx-serialization-core-jvm-1.7.3.jar:/home/negimox/.m2/repository/io/ktor/ktor-http-jvm/3.0.0/ktor-http-jvm-3.0.0.jar:/home/negimox/.m2/repository/io/ktor/ktor-serialization-jvm/3.0.0/ktor-serialization-jvm-3.0.0.jar:/home/negimox/.m2/repository/io/ktor/ktor-events-jvm/3.0.0/ktor-events-jvm-3.0.0.jar:/home/negimox/.m2/repository/io/ktor/ktor-http-cio-jvm/3.0.0/ktor-http-cio-jvm-3.0.0.jar:/home/negimox/.m2/repository/io/ktor/ktor-network-jvm/3.0.0/ktor-network-jvm-3.0.0.jar:/home/negimox/.m2/repository/io/ktor/ktor-websockets-jvm/3.0.0/ktor-websockets-jvm-3.0.0.jar:/home/negimox/.m2/repository/org/fusesource/jansi/jansi/2.4.1/jansi-2.4.1.jar:/home/negimox/.m2/repository/io/ktor/ktor-server-jetty-jakarta-jvm/3.0.0/ktor-server-jetty-jakarta-jvm-3.0.0.jar:/home/negimox/.m2/repository/io/ktor/ktor-server-servlet-jakarta-jvm/3.0.0/ktor-server-servlet-jakarta-jvm-3.0.0.jar:/home/negimox/.m2/repository/org/eclipse/jetty/jetty-server/11.0.24/jetty-server-11.0.24.jar:/home/negimox/.m2/repository/org/eclipse/jetty/jetty-http/11.0.24/jetty-http-11.0.24.jar:/home/negimox/.m2/repository/org/eclipse/jetty/jetty-io/11.0.24/jetty-io-11.0.24.jar:/home/negimox/.m2/repository/org/eclipse/jetty/toolchain/jetty-jakarta-servlet-api/5.0.2/jetty-jakarta-servlet-api-5.0.2.jar:/home/negimox/.m2/repository/org/eclipse/jetty/jetty-servlets/11.0.24/jetty-servlets-11.0.24.jar:/home/negimox/.m2/repository/org/eclipse/jetty/jetty-util/11.0.24/jetty-util-11.0.24.jar:/home/negimox/.m2/repository/org/eclipse/jetty/jetty-alpn-server/11.0.24/jetty-alpn-server-11.0.24.jar:/home/negimox/.m2/repository/org/eclipse/jetty/jetty-alpn-java-server/11.0.24/jetty-alpn-java-server-11.0.24.jar:/home/negimox/.m2/repository/org/eclipse/jetty/jetty-alpn-openjdk8-server/9.4.56.v20240826/jetty-alpn-openjdk8-server-9.4.56.v20240826.jar:/home/negimox/.m2/repository/org/eclipse/jetty/http2/http2-server/11.0.24/http2-server-11.0.24.jar:/home/negimox/.m2/repository/org/eclipse/jetty/http2/http2-common/11.0.24/http2-common-11.0.24.jar:/home/negimox/.m2/repository/org/eclipse/jetty/http2/http2-hpack/11.0.24/http2-hpack-11.0.24.jar:/home/negimox/.m2/repository/io/ktor/ktor-serialization-jackson-jvm/3.0.0/ktor-serialization-jackson-jvm-3.0.0.jar:/home/negimox/.m2/repository/io/ktor/ktor-server-content-negotiation-jvm/3.0.0/ktor-server-content-negotiation-jvm-3.0.0.jar:/home/negimox/.m2/repository/io/ktor/ktor-client-content-negotiation-jvm/3.0.0/ktor-client-content-negotiation-jvm-3.0.0.jar:/home/negimox/.m2/repository/org/jitsi/jitsi-metaconfig/1.0-11-g8cf950e/jitsi-metaconfig-1.0-11-g8cf950e.jar:/home/negimox/.m2/repository/org/jitsi/jitsi-utils/1.0-127-g6c65524/jitsi-utils-1.0-127-g6c65524.jar:/home/negimox/.m2/repository/com/googlecode/json-simple/json-simple/1.1.1/json-simple-1.1.1.jar:/home/negimox/.m2/repository/net/java/dev/jna/jna/5.9.0/jna-5.9.0.jar:/home/negimox/.m2/repository/com/typesafe/config/1.4.0/config-1.4.0.jar:/home/negimox/.m2/repository/org/jitsi/jicoco-test-kotlin/1.1-159-gf9c2712/jicoco-test-kotlin-1.1-159-gf9c2712.jar:/home/negimox/.m2/repository/io/mockk/mockk/1.13.8/mockk-1.13.8.jar:/home/negimox/.m2/repository/io/mockk/mockk-dsl/1.13.8/mockk-dsl-1.13.8.jar:/home/negimox/.m2/repository/io/mockk/mockk-agent/1.13.8/mockk-agent-1.13.8.jar:/home/negimox/.m2/repository/io/mockk/mockk-agent-api/1.13.8/mockk-agent-api-1.13.8.jar:/home/negimox/.m2/repository/io/mockk/mockk-core/1.13.8/mockk-core-1.13.8.jar:/home/negimox/.m2/repository/org/jetbrains/kotlin/kotlin-stdlib-jdk8/1.9.10/kotlin-stdlib-jdk8-1.9.10.jar:/home/negimox/.m2/repository/org/jetbrains/kotlin/kotlin-stdlib-jdk7/1.9.10/kotlin-stdlib-jdk7-1.9.10.jar:/home/negimox/.m2/repository/io/kotest/kotest-runner-junit5-jvm/5.7.2/kotest-runner-junit5-jvm-5.7.2.jar:/home/negimox/.m2/repository/io/kotest/kotest-framework-api-jvm/5.7.2/kotest-framework-api-jvm-5.7.2.jar:/home/negimox/.m2/repository/org/jetbrains/kotlinx/kotlinx-coroutines-test-jvm/1.7.0/kotlinx-coroutines-test-jvm-1.7.0.jar:/home/negimox/.m2/repository/io/kotest/kotest-common-jvm/5.7.2/kotest-common-jvm-5.7.2.jar:/home/negimox/.m2/repository/io/kotest/kotest-framework-engine-jvm/5.7.2/kotest-framework-engine-jvm-5.7.2.jar:/home/negimox/.m2/repository/io/github/classgraph/classgraph/4.8.162/classgraph-4.8.162.jar:/home/negimox/.m2/repository/com/github/ajalt/mordant/1.2.1/mordant-1.2.1.jar:/home/negimox/.m2/repository/com/github/ajalt/colormath/1.2.0/colormath-1.2.0.jar:/home/negimox/.m2/repository/org/opentest4j/opentest4j/1.3.0/opentest4j-1.3.0.jar:/home/negimox/.m2/repository/io/kotest/kotest-framework-discovery-jvm/5.7.2/kotest-framework-discovery-jvm-5.7.2.jar:/home/negimox/.m2/repository/io/kotest/kotest-extensions-jvm/5.7.2/kotest-extensions-jvm-5.7.2.jar:/home/negimox/.m2/repository/io/kotest/kotest-framework-concurrency-jvm/5.7.2/kotest-framework-concurrency-jvm-5.7.2.jar:/home/negimox/.m2/repository/org/junit/platform/junit-platform-engine/1.8.2/junit-platform-engine-1.8.2.jar:/home/negimox/.m2/repository/org/junit/platform/junit-platform-commons/1.8.2/junit-platform-commons-1.8.2.jar:/home/negimox/.m2/repository/org/apiguardian/apiguardian-api/1.1.2/apiguardian-api-1.1.2.jar:/home/negimox/.m2/repository/org/junit/platform/junit-platform-suite-api/1.8.2/junit-platform-suite-api-1.8.2.jar:/home/negimox/.m2/repository/org/junit/platform/junit-platform-launcher/1.8.2/junit-platform-launcher-1.8.2.jar:/home/negimox/.m2/repository/org/junit/jupiter/junit-jupiter-api/5.8.2/junit-jupiter-api-5.8.2.jar:/home/negimox/.m2/repository/io/kotest/kotest-assertions-core-jvm/5.7.2/kotest-assertions-core-jvm-5.7.2.jar:/home/negimox/.m2/repository/io/kotest/kotest-assertions-shared-jvm/5.7.2/kotest-assertions-shared-jvm-5.7.2.jar:/home/negimox/.m2/repository/io/github/java-diff-utils/java-diff-utils/4.12/java-diff-utils-4.12.jar:/home/negimox/.m2/repository/org/jetbrains/kotlinx/kotlinx-coroutines-jdk8/1.7.0/kotlinx-coroutines-jdk8-1.7.0.jar:/home/negimox/.m2/repository/io/kotest/kotest-assertions-api-jvm/5.7.2/kotest-assertions-api-jvm-5.7.2.jar:/home/negimox/.m2/repository/io/kotest/kotest-extensions-junitxml-jvm/5.7.2/kotest-extensions-junitxml-jvm-5.7.2.jar:/home/negimox/.m2/repository/org/jdom/jdom2/2.0.6/jdom2-2.0.6.jar:/home/negimox/.m2/repository/io/mockk/mockk-jvm/1.13.8/mockk-jvm-1.13.8.jar:/home/negimox/.m2/repository/io/mockk/mockk-dsl-jvm/1.13.8/mockk-dsl-jvm-1.13.8.jar:/home/negimox/.m2/repository/io/mockk/mockk-agent-jvm/1.13.8/mockk-agent-jvm-1.13.8.jar:/home/negimox/.m2/repository/org/objenesis/objenesis/3.3/objenesis-3.3.jar:/home/negimox/.m2/repository/net/bytebuddy/byte-buddy-agent/1.14.6/byte-buddy-agent-1.14.6.jar:/home/negimox/.m2/repository/io/mockk/mockk-agent-api-jvm/1.13.8/mockk-agent-api-jvm-1.13.8.jar:/home/negimox/.m2/repository/io/mockk/mockk-core-jvm/1.13.8/mockk-core-jvm-1.13.8.jar:/home/negimox/.m2/repository/junit/junit/4.13.2/junit-4.13.2.jar:/home/negimox/.m2/repository/org/hamcrest/hamcrest-core/1.3/hamcrest-core-1.3.jar:/home/negimox/.m2/repository/org/junit/jupiter/junit-jupiter/5.8.2/junit-jupiter-5.8.2.jar:/home/negimox/.m2/repository/org/junit/jupiter/junit-jupiter-params/5.8.2/junit-jupiter-params-5.8.2.jar:/home/negimox/.m2/repository/org/junit/jupiter/junit-jupiter-engine/5.8.2/junit-jupiter-engine-5.8.2.jar:/home/negimox/.m2/repository/org/jetbrains/kotlinx/kotlinx-coroutines-core/1.6.4/kotlinx-coroutines-core-1.6.4.jar:/home/negimox/.m2/repository/io/ktor/ktor-client-mock-jvm/3.0.0/ktor-client-mock-jvm-3.0.0.jar:/home/negimox/.m2/repository/io/ktor/ktor-server-test-host-jvm/3.0.0/ktor-server-test-host-jvm-3.0.0.jar:/home/negimox/.m2/repository/io/ktor/ktor-network-tls-jvm/3.0.0/ktor-network-tls-jvm-3.0.0.jar:/home/negimox/.m2/repository/io/ktor/ktor-network-tls-certificates-jvm/3.0.0/ktor-network-tls-certificates-jvm-3.0.0.jar:/home/negimox/.m2/repository/io/ktor/ktor-server-call-logging-jvm/3.0.0/ktor-server-call-logging-jvm-3.0.0.jar:/home/negimox/.m2/repository/io/ktor/ktor-server-websockets-jvm/3.0.0/ktor-server-websockets-jvm-3.0.0.jar:/home/negimox/.m2/repository/org/jetbrains/kotlin/kotlin-test/2.0.20/kotlin-test-2.0.20.jar:/home/negimox/.m2/repository/io/ktor/ktor-client-cio-jvm/3.0.0/ktor-client-cio-jvm-3.0.0.jar:/home/negimox/.m2/repository/io/ktor/ktor-test-dispatcher-jvm/3.0.0/ktor-test-dispatcher-jvm-3.0.0.jar:/home/negimox/.m2/repository/org/jetbrains/kotlinx/kotlinx-coroutines-debug/1.9.0/kotlinx-coroutines-debug-1.9.0.jar:/home/negimox/.m2/repository/net/java/dev/jna/jna-platform/5.9.0/jna-platform-5.9.0.jar:/home/negimox/.m2/repository/io/ktor/ktor-client-jetty-jakarta-jvm/3.0.0/ktor-client-jetty-jakarta-jvm-3.0.0.jar:/home/negimox/.m2/repository/org/eclipse/jetty/http2/http2-client/11.0.24/http2-client-11.0.24.jar:/home/negimox/.m2/repository/org/eclipse/jetty/jetty-alpn-client/11.0.24/jetty-alpn-client-11.0.24.jar:/home/negimox/.m2/repository/org/eclipse/jetty/jetty-alpn-openjdk8-client/9.4.56.v20240826/jetty-alpn-openjdk8-client-9.4.56.v20240826.jar:/home/negimox/.m2/repository/org/eclipse/jetty/jetty-alpn-java-client/9.4.56.v20240826/jetty-alpn-java-client-9.4.56.v20240826.jar:/home/negimox/.m2/repository/net/bytebuddy/byte-buddy/1.10.0/byte-buddy-1.10.0.jar:/home/negimox/.m2/repository/com/github/marschall/memoryfilesystem/1.2.1/memoryfilesystem-1.2.1.jar:/home/negimox/.m2/repository/org/jitsi/jicoco-metrics/1.1-159-gf9c2712/jicoco-metrics-1.1-159-gf9c2712.jar:/home/negimox/.m2/repository/io/prometheus/simpleclient/0.16.0/simpleclient-0.16.0.jar:/home/negimox/.m2/repository/io/prometheus/simpleclient_tracer_otel/0.16.0/simpleclient_tracer_otel-0.16.0.jar:/home/negimox/.m2/repository/io/prometheus/simpleclient_tracer_common/0.16.0/simpleclient_tracer_common-0.16.0.jar:/home/negimox/.m2/repository/io/prometheus/simpleclient_tracer_otel_agent/0.16.0/simpleclient_tracer_otel_agent-0.16.0.jar:/home/negimox/.m2/repository/io/prometheus/simpleclient_common/0.16.0/simpleclient_common-0.16.0.jar:"/>
    <property name="sun.cpu.endian" value="little"/>
    <property name="user.home" value="/home/negimox"/>
    <property name="user.language" value="en"/>
    <property name="java.specification.vendor" value="Oracle Corporation"/>
    <property name="java.version.date" value="2024-10-15"/>
    <property name="java.home" value="/usr/lib/jvm/openjdk11"/>
    <property name="file.separator" value="/"/>
    <property name="basedir" value="/home/negimox/office_work/gsoc2k25/my-jitsi-mett/jitsi-meet/jibri"/>
    <property name="java.vm.compressedOopsMode" value="Zero based"/>
    <property name="line.separator" value="&#10;"/>
    <property name="java.specification.name" value="Java Platform API Specification"/>
    <property name="java.vm.specification.vendor" value="Oracle Corporation"/>
    <property name="java.awt.graphicsenv" value="sun.awt.X11GraphicsEnvironment"/>
    <property name="surefire.real.class.path" value="/home/negimox/office_work/gsoc2k25/my-jitsi-mett/jitsi-meet/jibri/target/surefire/surefirebooter14295259933613509079.jar"/>
    <property name="java.util.logging.config.file" value="/home/negimox/office_work/gsoc2k25/my-jitsi-mett/jitsi-meet/jibri/lib/test-logging.properties"/>
    <property name="sun.management.compiler" value="HotSpot 64-Bit Tiered Compilers"/>
    <property name="java.runtime.version" value="11.0.25+5-void-r2"/>
    <property name="user.name" value="negimox"/>
    <property name="path.separator" value=":"/>
    <property name="os.version" value="6.12.35_1"/>
    <property name="gradle.build.dir" value="/home/negimox/office_work/gsoc2k25/my-jitsi-mett/jitsi-meet/jibri/target/surefire-reports"/>
    <property name="java.runtime.name" value="OpenJDK Runtime Environment"/>
    <property name="file.encoding" value="UTF-8"/>
    <property name="java.vm.name" value="OpenJDK 64-Bit Server VM"/>
    <property name="localRepository" value="/home/negimox/.m2/repository"/>
    <property name="java.vendor.url.bug" value="https://github.com/void-linux/void-packages/issues"/>
    <property name="java.io.tmpdir" value="/tmp"/>
    <property name="java.version" value="11.0.25"/>
    <property name="user.dir" value="/home/negimox/office_work/gsoc2k25/my-jitsi-mett/jitsi-meet/jibri"/>
    <property name="os.arch" value="amd64"/>
    <property name="java.vm.specification.name" value="Java Virtual Machine Specification"/>
    <property name="java.awt.printerjob" value="sun.print.PSPrinterJob"/>
    <property name="sun.os.patch.level" value="unknown"/>
    <property name="java.library.path" value="/tmp/.mount_CursorLzH99K/usr/lib/:/tmp/.mount_CursorLzH99K/usr/lib32/:/tmp/.mount_CursorLzH99K/usr/lib64/:/tmp/.mount_CursorLzH99K/lib/:/tmp/.mount_CursorLzH99K/lib/i386-linux-gnu/:/tmp/.mount_CursorLzH99K/lib/x86_64-linux-gnu/:/tmp/.mount_CursorLzH99K/lib/aarch64-linux-gnu/:/tmp/.mount_CursorLzH99K/lib32/:/tmp/.mount_CursorLzH99K/lib64/::/usr/java/packages/lib:/usr/lib64:/lib64:/lib:/usr/lib"/>
    <property name="java.vm.info" value="mixed mode"/>
    <property name="java.vendor" value="Void"/>
    <property name="java.vm.version" value="11.0.25+5-void-r2"/>
    <property name="java.specification.maintenance.version" value="3"/>
    <property name="sun.io.unicode.encoding" value="UnicodeLittle"/>
    <property name="java.class.version" value="55.0"/>
  </properties>
  <testcase name="transition to running" classname="org.jitsi.jibri.selenium.SeleniumStateMachineTest" time="0.003"/>
  <testcase name="transition to error" classname="org.jitsi.jibri.selenium.SeleniumStateMachineTest" time="0.001"/>
  <testcase name="not fire another update" classname="org.jitsi.jibri.selenium.SeleniumStateMachineTest" time="0.001"/>
  <testcase name="throw an exception" classname="org.jitsi.jibri.selenium.SeleniumStateMachineTest" time="0.002"/>
</testsuite>